# JRE version: Java(TM) SE Runtime Environment (8.0_45-b14) (build 1.8.0_45-b14)
# Java VM: Java HotSpot(TM) 64-Bit Server VM (25.45-b02 mixed mode linux-amd64 compressed oops)
Heap:
 PSYoungGen      total 221184K, used 113078K [0x00000000d6d80000, 0x00000000e9e00000, 0x0000000100000000)
  eden space 201728K, 56% used [0x00000000d6d80000,0x00000000ddbedad8,0x00000000e3280000)
  from space 19456K, 0% used [0x00000000e3280000,0x00000000e3280000,0x00000000e4580000)
  to   space 19456K, 0% used [0x00000000e8b00000,0x00000000e8b00000,0x00000000e9e00000)
 ParOldGen       total 107520K, used 26907K [0x0000000084800000, 0x000000008b100000, 0x00000000d6d80000)
  object space 107520K, 25% used [0x0000000084800000,0x0000000086246f90,0x000000008b100000)
 Metaspace       used 66773K, capacity 67582K, committed 68008K, reserved 1107968K
  class space    used 8353K, capacity 8517K, committed 8616K, reserved 1048576K
GC Heap History (10 events):
Event: 10.919 GC heap before
{Heap before GC invocations=10 (full 2):
 PSYoungGen      total 108544K, used 101376K [0x00000000d6d80000, 0x00000000e3380000, 0x0000000100000000)
  eden space 101376K, 100% used [0x00000000d6d80000,0x00000000dd080000,0x00000000dd080000)
  from space 7168K, 0% used [0x00000000dd080000,0x00000000dd080000,0x00000000dd780000)
  to   space 11264K, 0% used [0x00000000e2880000,0x00000000e2880000,0x00000000e3380000)
 ParOldGen       total 76288K, used 15423K [0x0000000084800000, 0x0000000089280000, 0x00000000d6d80000)
  object space 76288K, 20% used [0x0000000084800000,0x000000008570fe28,0x0000000089280000)
 Metaspace       used 42027K, capacity 42442K, committed 42792K, reserved 1087488K
  class space    used 5252K, capacity 5349K, committed 5416K, reserved 1048576K
Event: 10.968 GC heap after
Heap after GC invocations=10 (full 2):
 PSYoungGen      total 168960K, used 11065K [0x00000000d6d80000, 0x00000000e3380000, 0x0000000100000000)
  eden space 157696K, 0% used [0x00000000d6d80000,0x00000000d6d80000,0x00000000e0780000)
  from space 11264K, 98% used [0x00000000e2880000,0x00000000e334e758,0x00000000e3380000)
  to   space 12288K, 0% used [0x00000000e1b80000,0x00000000e1b80000,0x00000000e2780000)
 ParOldGen       total 76288K, used 15431K [0x0000000084800000, 0x0000000089280000, 0x00000000d6d80000)
  object space 76288K, 20% used [0x0000000084800000,0x0000000085711e28,0x0000000089280000)
 Metaspace       used 42027K, capacity 42442K, committed 42792K, reserved 1087488K
  class space    used 5252K, capacity 5349K, committed 5416K, reserved 1048576K
}
Event: 13.297 GC heap before
{Heap before GC invocations=11 (full 2):
 PSYoungGen      total 168960K, used 168761K [0x00000000d6d80000, 0x00000000e3380000, 0x0000000100000000)
  eden space 157696K, 100% used [0x00000000d6d80000,0x00000000e0780000,0x00000000e0780000)
  from space 11264K, 98% used [0x00000000e2880000,0x00000000e334e758,0x00000000e3380000)
  to   space 12288K, 0% used [0x00000000e1b80000,0x00000000e1b80000,0x00000000e2780000)
 ParOldGen       total 76288K, used 15431K [0x0000000084800000, 0x0000000089280000, 0x00000000d6d80000)
  object space 76288K, 20% used [0x0000000084800000,0x0000000085711e28,0x0000000089280000)
 Metaspace       used 47034K, capacity 47510K, committed 47912K, reserved 1091584K
  class space    used 5963K, capacity 6087K, committed 6184K, reserved 1048576K
Event: 13.316 GC heap after
Heap after GC invocations=11 (full 2):
 PSYoungGen      total 190464K, used 12282K [0x00000000d6d80000, 0x00000000e5400000, 0x0000000100000000)
  eden space 178176K, 0% used [0x00000000d6d80000,0x00000000d6d80000,0x00000000e1b80000)
  from space 12288K, 99% used [0x00000000e1b80000,0x00000000e277e970,0x00000000e2780000)
  to   space 14848K, 0% used [0x00000000e4580000,0x00000000e4580000,0x00000000e5400000)
 ParOldGen       total 76288K, used 18595K [0x0000000084800000, 0x0000000089280000, 0x00000000d6d80000)
  object space 76288K, 24% used [0x0000000084800000,0x0000000085a28e50,0x0000000089280000)
 Metaspace       used 47034K, capacity 47510K, committed 47912K, reserved 1091584K
  class space    used 5963K, capacity 6087K, committed 6184K, reserved 1048576K
}
Event: 14.908 GC heap before
{Heap before GC invocations=12 (full 2):
 PSYoungGen      total 190464K, used 190458K [0x00000000d6d80000, 0x00000000e5400000, 0x0000000100000000)
  eden space 178176K, 100% used [0x00000000d6d80000,0x00000000e1b80000,0x00000000e1b80000)
  from space 12288K, 99% used [0x00000000e1b80000,0x00000000e277e970,0x00000000e2780000)
  to   space 14848K, 0% used [0x00000000e4580000,0x00000000e4580000,0x00000000e5400000)
 ParOldGen       total 76288K, used 18595K [0x0000000084800000, 0x0000000089280000, 0x00000000d6d80000)
  object space 76288K, 24% used [0x0000000084800000,0x0000000085a28e50,0x0000000089280000)
 Metaspace       used 56013K, capacity 56640K, committed 56872K, reserved 1099776K
  class space    used 7033K, capacity 7178K, committed 7208K, reserved 1048576K
Event: 14.930 GC heap after
Heap after GC invocations=12 (full 2):
 PSYoungGen      total 216576K, used 14825K [0x00000000d6d80000, 0x00000000e7500000, 0x0000000100000000)
  eden space 201728K, 0% used [0x00000000d6d80000,0x00000000d6d80000,0x00000000e3280000)
  from space 14848K, 99% used [0x00000000e4580000,0x00000000e53fa6f8,0x00000000e5400000)
  to   space 19456K, 0% used [0x00000000e3280000,0x00000000e3280000,0x00000000e4580000)
 ParOldGen       total 76288K, used 25711K [0x0000000084800000, 0x0000000089280000, 0x00000000d6d80000)
  object space 76288K, 33% used [0x0000000084800000,0x000000008611bcc8,0x0000000089280000)
 Metaspace       used 56013K, capacity 56640K, committed 56872K, reserved 1099776K
  class space    used 7033K, capacity 7178K, committed 7208K, reserved 1048576K
}
Event: 15.307 GC heap before
{Heap before GC invocations=13 (full 2):
 PSYoungGen      total 216576K, used 63830K [0x00000000d6d80000, 0x00000000e7500000, 0x0000000100000000)
  eden space 201728K, 24% used [0x00000000d6d80000,0x00000000d9d5b218,0x00000000e3280000)
  from space 14848K, 99% used [0x00000000e4580000,0x00000000e53fa6f8,0x00000000e5400000)
  to   space 19456K, 0% used [0x00000000e3280000,0x00000000e3280000,0x00000000e4580000)
 ParOldGen       total 76288K, used 25711K [0x0000000084800000, 0x0000000089280000, 0x00000000d6d80000)
  object space 76288K, 33% used [0x0000000084800000,0x000000008611bcc8,0x0000000089280000)
 Metaspace       used 58300K, capacity 58946K, committed 59160K, reserved 1101824K
  class space    used 7352K, capacity 7509K, committed 7592K, reserved 1048576K
Event: 15.328 GC heap after
Heap after GC invocations=13 (full 2):
 PSYoungGen      total 221184K, used 2887K [0x00000000d6d80000, 0x00000000e9e00000, 0x0000000100000000)
  eden space 201728K, 0% used [0x00000000d6d80000,0x00000000d6d80000,0x00000000e3280000)
  from space 19456K, 14% used [0x00000000e3280000,0x00000000e3551dc0,0x00000000e4580000)
  to   space 19456K, 0% used [0x00000000e8b00000,0x00000000e8b00000,0x00000000e9e00000)
 ParOldGen       total 76288K, used 34385K [0x0000000084800000, 0x0000000089280000, 0x00000000d6d80000)
  object space 76288K, 45% used [0x0000000084800000,0x0000000086994598,0x0000000089280000)
 Metaspace       used 58300K, capacity 58946K, committed 59160K, reserved 1101824K
  class space    used 7352K, capacity 7509K, committed 7592K, reserved 1048576K
}
Event: 15.328 GC heap before
{Heap before GC invocations=14 (full 3):
 PSYoungGen      total 221184K, used 2887K [0x00000000d6d80000, 0x00000000e9e00000, 0x0000000100000000)
  eden space 201728K, 0% used [0x00000000d6d80000,0x00000000d6d80000,0x00000000e3280000)
  from space 19456K, 14% used [0x00000000e3280000,0x00000000e3551dc0,0x00000000e4580000)
  to   space 19456K, 0% used [0x00000000e8b00000,0x00000000e8b00000,0x00000000e9e00000)
 ParOldGen       total 76288K, used 34385K [0x0000000084800000, 0x0000000089280000, 0x00000000d6d80000)
  object space 76288K, 45% used [0x0000000084800000,0x0000000086994598,0x0000000089280000)
 Metaspace       used 58300K, capacity 58946K, committed 59160K, reserved 1101824K
  class space    used 7352K, capacity 7509K, committed 7592K, reserved 1048576K
Event: 15.518 GC heap after
Heap after GC invocations=14 (full 3):
 PSYoungGen      total 221184K, used 0K [0x00000000d6d80000, 0x00000000e9e00000, 0x0000000100000000)
  eden space 201728K, 0% used [0x00000000d6d80000,0x00000000d6d80000,0x00000000e3280000)
  from space 19456K, 0% used [0x00000000e3280000,0x00000000e3280000,0x00000000e4580000)
  to   space 19456K, 0% used [0x00000000e8b00000,0x00000000e8b00000,0x00000000e9e00000)
 ParOldGen       total 107520K, used 26907K [0x0000000084800000, 0x000000008b100000, 0x00000000d6d80000)
  object space 107520K, 25% used [0x0000000084800000,0x0000000086246f90,0x000000008b100000)
 Metaspace       used 58266K, capacity 58892K, committed 59160K, reserved 1101824K
  class space    used 7347K, capacity 7500K, committed 7592K, reserved 1048576K
}

